This is pdfTeX, Version 3.14159265-2.6-1.40.20 (MiKTeX 2.9.6960) (preloaded format=pdflatex 2019.3.13)  1 APR 2019 16:54
entering extended mode
**./Keaton_DistortionParameterSpace.tex
(Keaton_DistortionParameterSpace.tex
LaTeX2e <2018-12-01>
("C:\Program Files (x86)\MiKTeX 2.9\tex/latex/amscls\amsart.cls"
Document Class: amsart 2017/10/31 v2.20.4
\linespacing=\dimen102
\normalparindent=\dimen103
\normaltopskip=\skip41
("C:\Program Files (x86)\MiKTeX 2.9\tex/latex/amsmath\amsmath.sty"
Package: amsmath 2018/12/01 v2.17b AMS math features
\@mathmargin=\skip42

For additional information on amsmath, use the `?' option.
("C:\Program Files (x86)\MiKTeX 2.9\tex/latex/amsmath\amstext.sty"
Package: amstext 2000/06/29 v2.01 AMS text

("C:\Program Files (x86)\MiKTeX 2.9\tex/latex/amsmath\amsgen.sty"
File: amsgen.sty 1999/11/30 v2.0 generic functions
\@emptytoks=\toks14
\ex@=\dimen104
))
("C:\Program Files (x86)\MiKTeX 2.9\tex/latex/amsmath\amsbsy.sty"
Package: amsbsy 1999/11/29 v1.2d Bold Symbols
\pmbraise@=\dimen105
)
("C:\Program Files (x86)\MiKTeX 2.9\tex/latex/amsmath\amsopn.sty"
Package: amsopn 2016/03/08 v2.02 operator names
)
\inf@bad=\count80
LaTeX Info: Redefining \frac on input line 223.
\uproot@=\count81
\leftroot@=\count82
LaTeX Info: Redefining \overline on input line 385.
\classnum@=\count83
\DOTSCASE@=\count84
LaTeX Info: Redefining \ldots on input line 482.
LaTeX Info: Redefining \dots on input line 485.
LaTeX Info: Redefining \cdots on input line 606.
\Mathstrutbox@=\box27
\strutbox@=\box28
\big@size=\dimen106
LaTeX Font Info:    Redeclaring font encoding OML on input line 729.
LaTeX Font Info:    Redeclaring font encoding OMS on input line 730.
\macc@depth=\count85
\c@MaxMatrixCols=\count86
\dotsspace@=\muskip10
\c@parentequation=\count87
\dspbrk@lvl=\count88
\tag@help=\toks15
\row@=\count89
\column@=\count90
\maxfields@=\count91
\andhelp@=\toks16
\eqnshift@=\dimen107
\alignsep@=\dimen108
\tagshift@=\dimen109
\tagwidth@=\dimen110
\totwidth@=\dimen111
\lineht@=\dimen112
\@envbody=\toks17
\multlinegap=\skip43
\multlinetaggap=\skip44
\mathdisplay@stack=\toks18
LaTeX Info: Redefining \[ on input line 2844.
LaTeX Info: Redefining \] on input line 2845.
)
LaTeX Font Info:    Try loading font information for U+msa on input line 398.

("C:\Program Files (x86)\MiKTeX 2.9\tex/latex/amsfonts\umsa.fd"
File: umsa.fd 2013/01/14 v3.01 AMS symbols A
)
("C:\Program Files (x86)\MiKTeX 2.9\tex/latex/amsfonts\amsfonts.sty"
Package: amsfonts 2013/01/14 v3.01 Basic AMSFonts support
\symAMSa=\mathgroup4
\symAMSb=\mathgroup5
LaTeX Font Info:    Overwriting math alphabet `\mathfrak' in version `bold'
(Font)                  U/euf/m/n --> U/euf/b/n on input line 106.
)
\copyins=\insert199
\abstractbox=\box29
\listisep=\skip45
\c@part=\count92
\c@section=\count93
\c@subsection=\count94
\c@subsubsection=\count95
\c@paragraph=\count96
\c@subparagraph=\count97
\c@figure=\count98
\c@table=\count99
\abovecaptionskip=\skip46
\belowcaptionskip=\skip47
\captionindent=\dimen113
\thm@style=\toks19
\thm@bodyfont=\toks20
\thm@headfont=\toks21
\thm@notefont=\toks22
\thm@headpunct=\toks23
\thm@preskip=\skip48
\thm@postskip=\skip49
\thm@headsep=\skip50
\dth@everypar=\toks24
)
("C:\Program Files (x86)\MiKTeX 2.9\tex/latex/graphics\graphicx.sty"
Package: graphicx 2017/06/01 v1.1a Enhanced LaTeX Graphics (DPC,SPQR)

("C:\Program Files (x86)\MiKTeX 2.9\tex/latex/graphics\keyval.sty"
Package: keyval 2014/10/28 v1.15 key=value parser (DPC)
\KV@toks@=\toks25
)
("C:\Program Files (x86)\MiKTeX 2.9\tex/latex/graphics\graphics.sty"
Package: graphics 2017/06/25 v1.2c Standard LaTeX Graphics (DPC,SPQR)

("C:\Program Files (x86)\MiKTeX 2.9\tex/latex/graphics\trig.sty"
Package: trig 2016/01/03 v1.10 sin cos tan (DPC)
)
("C:\Program Files (x86)\MiKTeX 2.9\tex/latex/graphics-cfg\graphics.cfg"
File: graphics.cfg 2016/06/04 v1.11 sample graphics configuration
)
Package graphics Info: Driver file: pdftex.def on input line 99.

("C:\Program Files (x86)\MiKTeX 2.9\tex/latex/graphics-def\pdftex.def"
File: pdftex.def 2018/01/08 v1.0l Graphics/color driver for pdftex
))
\Gin@req@height=\dimen114
\Gin@req@width=\dimen115
)
("C:\Program Files (x86)\MiKTeX 2.9\tex/latex/tools\verbatim.sty"
Package: verbatim 2014/10/28 v1.5q LaTeX2e package for verbatim enhancements
\every@verbatim=\toks26
\verbatim@line=\toks27
\verbatim@in@stream=\read1
)
("C:\Program Files (x86)\MiKTeX 2.9\tex/latex/amsfonts\amssymb.sty"
Package: amssymb 2013/01/14 v3.01 AMS font symbols
)
(C:\Users\Keaton\AppData\Roaming\MiKTeX\2.9\tex/latex/animate\animate.sty
Package: animate 2019/03/06 PDF & SVG animations from files and inline graphics


("C:\Program Files (x86)\MiKTeX 2.9\tex/latex/xkeyval\xkeyval.sty"
Package: xkeyval 2014/12/03 v2.7a package option processing (HA)

("C:\Program Files (x86)\MiKTeX 2.9\tex/generic/xkeyval\xkeyval.tex"
("C:\Program Files (x86)\MiKTeX 2.9\tex/generic/xkeyval\xkvutils.tex"
\XKV@toks=\toks28
\XKV@tempa@toks=\toks29
)
\XKV@depth=\count100
File: xkeyval.tex 2014/12/03 v2.7a key=value parser (HA)
))
("C:\Program Files (x86)\MiKTeX 2.9\tex/latex/base\ifthen.sty"
Package: ifthen 2014/09/29 v1.1c Standard LaTeX ifthen package (DPC)
)
("C:\Program Files (x86)\MiKTeX 2.9\tex/generic/oberdiek\ifpdf.sty"
Package: ifpdf 2018/09/07 v3.3 Provides the ifpdf switch
)
("C:\Program Files (x86)\MiKTeX 2.9\tex/generic/oberdiek\ifluatex.sty"
Package: ifluatex 2016/05/16 v1.4 Provides the ifluatex switch (HO)
Package ifluatex Info: LuaTeX not detected.
)
("C:\Program Files (x86)\MiKTeX 2.9\tex/generic/ifxetex\ifxetex.sty"
Package: ifxetex 2010/09/12 v0.6 Provides ifxetex conditional
)
("C:\Program Files (x86)\MiKTeX 2.9\tex/latex/oberdiek\ifdraft.sty"
Package: ifdraft 2016/05/16 v1.4 Detect class options draft and final (HO)
)
("C:\Program Files (x86)\MiKTeX 2.9\tex/latex/tools\calc.sty"
Package: calc 2017/05/25 v4.3 Infix arithmetic (KKT,FJ)
\calc@Acount=\count101
\calc@Bcount=\count102
\calc@Adimen=\dimen116
\calc@Bdimen=\dimen117
\calc@Askip=\skip51
\calc@Bskip=\skip52
LaTeX Info: Redefining \setlength on input line 80.
LaTeX Info: Redefining \addtolength on input line 81.
\calc@Ccount=\count103
\calc@Cskip=\skip53
)
("C:\Program Files (x86)\MiKTeX 2.9\tex/latex/oberdiek\zref-abspage.sty"
Package: zref-abspage 2018/11/21 v2.27 Module abspage for zref (HO)

("C:\Program Files (x86)\MiKTeX 2.9\tex/latex/oberdiek\zref-base.sty"
Package: zref-base 2018/11/21 v2.27 Module base for zref (HO)

("C:\Program Files (x86)\MiKTeX 2.9\tex/generic/oberdiek\ltxcmds.sty"
Package: ltxcmds 2016/05/16 v1.23 LaTeX kernel commands for general use (HO)
)
("C:\Program Files (x86)\MiKTeX 2.9\tex/generic/oberdiek\infwarerr.sty"
Package: infwarerr 2016/05/16 v1.4 Providing info/warning/error messages (HO)
)
("C:\Program Files (x86)\MiKTeX 2.9\tex/generic/oberdiek\kvsetkeys.sty"
Package: kvsetkeys 2016/05/16 v1.17 Key value parser (HO)

("C:\Program Files (x86)\MiKTeX 2.9\tex/generic/oberdiek\etexcmds.sty"
Package: etexcmds 2016/05/16 v1.6 Avoid name clashes with e-TeX commands (HO)
))
("C:\Program Files (x86)\MiKTeX 2.9\tex/generic/oberdiek\kvdefinekeys.sty"
Package: kvdefinekeys 2016/05/16 v1.4 Define keys (HO)
)
("C:\Program Files (x86)\MiKTeX 2.9\tex/generic/oberdiek\pdftexcmds.sty"
Package: pdftexcmds 2018/09/10 v0.29 Utility functions of pdfTeX for LuaTeX (HO
)
Package pdftexcmds Info: LuaTeX not detected.
Package pdftexcmds Info: \pdf@primitive is available.
Package pdftexcmds Info: \pdf@ifprimitive is available.
Package pdftexcmds Info: \pdfdraftmode found.
)
("C:\Program Files (x86)\MiKTeX 2.9\tex/latex/oberdiek\auxhook.sty"
Package: auxhook 2016/05/16 v1.4 Hooks for auxiliary files (HO)
)
Package zref Info: New property list: main on input line 759.
Package zref Info: New property: default on input line 760.
Package zref Info: New property: page on input line 761.
)
("C:\Program Files (x86)\MiKTeX 2.9\tex/generic/oberdiek\atbegshi.sty"
Package: atbegshi 2016/06/09 v1.18 At begin shipout hook (HO)
)
\c@abspage=\count104
Package zref Info: New property: abspage on input line 62.
)
(C:\Users\Keaton\AppData\Roaming\MiKTeX\2.9\tex/latex/media9\pdfbase.sty
("C:\Program Files (x86)\MiKTeX 2.9\tex/latex/l3kernel\expl3.sty"
Package: expl3 2019-03-05 L3 programming layer (loader) 

("C:\Program Files (x86)\MiKTeX 2.9\tex/latex/l3kernel\expl3-code.tex"
Package: expl3 2019-03-05 L3 programming layer (code)
\c_max_int=\count105
\l_tmpa_int=\count106
\l_tmpb_int=\count107
\g_tmpa_int=\count108
\g_tmpb_int=\count109
\g__kernel_prg_map_int=\count110
\c_log_iow=\count111
\l_iow_line_count_int=\count112
\l__iow_line_target_int=\count113
\l__iow_one_indent_int=\count114
\l__iow_indent_int=\count115
\c_zero_dim=\dimen118
\c_max_dim=\dimen119
\l_tmpa_dim=\dimen120
\l_tmpb_dim=\dimen121
\g_tmpa_dim=\dimen122
\g_tmpb_dim=\dimen123
\c_zero_skip=\skip54
\c_max_skip=\skip55
\l_tmpa_skip=\skip56
\l_tmpb_skip=\skip57
\g_tmpa_skip=\skip58
\g_tmpb_skip=\skip59
\c_zero_muskip=\muskip11
\c_max_muskip=\muskip12
\l_tmpa_muskip=\muskip13
\l_tmpb_muskip=\muskip14
\g_tmpa_muskip=\muskip15
\g_tmpb_muskip=\muskip16
\l_keys_choice_int=\count116
\l__intarray_loop_int=\count117
\c__intarray_sp_dim=\dimen124
\g__intarray_font_int=\count118
\c__fp_leading_shift_int=\count119
\c__fp_middle_shift_int=\count120
\c__fp_trailing_shift_int=\count121
\c__fp_big_leading_shift_int=\count122
\c__fp_big_middle_shift_int=\count123
\c__fp_big_trailing_shift_int=\count124
\c__fp_Bigg_leading_shift_int=\count125
\c__fp_Bigg_middle_shift_int=\count126
\c__fp_Bigg_trailing_shift_int=\count127
\c__kernel_randint_max_int=\count128
\g__fp_array_int=\count129
\l__fp_array_loop_int=\count130
\l__sort_length_int=\count131
\l__sort_min_int=\count132
\l__sort_top_int=\count133
\l__sort_max_int=\count134
\l__sort_true_max_int=\count135
\l__sort_block_int=\count136
\l__sort_begin_int=\count137
\l__sort_end_int=\count138
\l__sort_A_int=\count139
\l__sort_B_int=\count140
\l__sort_C_int=\count141
\l__tl_analysis_normal_int=\count142
\l__tl_analysis_index_int=\count143
\l__tl_analysis_nesting_int=\count144
\l__tl_analysis_type_int=\count145
\l__regex_internal_a_int=\count146
\l__regex_internal_b_int=\count147
\l__regex_internal_c_int=\count148
\l__regex_balance_int=\count149
\l__regex_group_level_int=\count150
\l__regex_mode_int=\count151
\c__regex_cs_in_class_mode_int=\count152
\c__regex_cs_mode_int=\count153
\l__regex_catcodes_int=\count154
\l__regex_default_catcodes_int=\count155
\c__regex_catcode_D_int=\count156
\c__regex_catcode_S_int=\count157
\c__regex_catcode_L_int=\count158
\c__regex_catcode_O_int=\count159
\c__regex_catcode_A_int=\count160
\c__regex_all_catcodes_int=\count161
\l__regex_show_lines_int=\count162
\l__regex_min_state_int=\count163
\l__regex_max_state_int=\count164
\l__regex_left_state_int=\count165
\l__regex_right_state_int=\count166
\l__regex_capturing_group_int=\count167
\l__regex_min_pos_int=\count168
\l__regex_max_pos_int=\count169
\l__regex_curr_pos_int=\count170
\l__regex_start_pos_int=\count171
\l__regex_success_pos_int=\count172
\l__regex_curr_char_int=\count173
\l__regex_curr_catcode_int=\count174
\l__regex_last_char_int=\count175
\l__regex_case_changed_char_int=\count176
\l__regex_curr_state_int=\count177
\l__regex_step_int=\count178
\l__regex_min_active_int=\count179
\l__regex_max_active_int=\count180
\l__regex_replacement_csnames_int=\count181
\l__regex_match_count_int=\count182
\l__regex_min_submatch_int=\count183
\l__regex_submatch_int=\count184
\l__regex_zeroth_submatch_int=\count185
\g__regex_trace_regex_int=\count186
\c_empty_box=\box30
\l_tmpa_box=\box31
\l_tmpb_box=\box32
\g_tmpa_box=\box33
\g_tmpb_box=\box34
\l__box_top_dim=\dimen125
\l__box_bottom_dim=\dimen126
\l__box_left_dim=\dimen127
\l__box_right_dim=\dimen128
\l__box_top_new_dim=\dimen129
\l__box_bottom_new_dim=\dimen130
\l__box_left_new_dim=\dimen131
\l__box_right_new_dim=\dimen132
\l__box_internal_box=\box35
\l__coffin_internal_box=\box36
\l__coffin_internal_dim=\dimen133
\l__coffin_offset_x_dim=\dimen134
\l__coffin_offset_y_dim=\dimen135
\l__coffin_x_dim=\dimen136
\l__coffin_y_dim=\dimen137
\l__coffin_x_prime_dim=\dimen138
\l__coffin_y_prime_dim=\dimen139
\c_empty_coffin=\box37
\l__coffin_aligned_coffin=\box38
\l__coffin_aligned_internal_coffin=\box39
\l_tmpa_coffin=\box40
\l_tmpb_coffin=\box41
\g_tmpa_coffin=\box42
\g_tmpb_coffin=\box43
\l__coffin_bounding_shift_dim=\dimen140
\l__coffin_left_corner_dim=\dimen141
\l__coffin_right_corner_dim=\dimen142
\l__coffin_bottom_corner_dim=\dimen143
\l__coffin_top_corner_dim=\dimen144
\l__coffin_scaled_total_height_dim=\dimen145
\l__coffin_scaled_width_dim=\dimen146
\c__coffin_empty_coffin=\box44
\l__coffin_display_coffin=\box45
\l__coffin_display_coord_coffin=\box46
\l__coffin_display_pole_coffin=\box47
\l__coffin_display_offset_dim=\dimen147
\l__coffin_display_x_dim=\dimen148
\l__coffin_display_y_dim=\dimen149
\g__file_internal_ior=\read2
\l__seq_internal_a_int=\count187
\l__seq_internal_b_int=\count188
\c__deprecation_minus_one=\count189
)
("C:\Program Files (x86)\MiKTeX 2.9\tex/latex/l3kernel\l3pdfmode.def"
File: l3pdfmode.def 2019-03-05 v L3 Experimental driver: PDF mode
\l__driver_color_stack_int=\count190
))
("C:\Program Files (x86)\MiKTeX 2.9\tex/latex/l3packages/l3keys2e\l3keys2e.sty"
Package: l3keys2e 2019-03-05 LaTeX2e option processing using LaTeX3 keys
)
Package: pdfbase 2019/02/21 v0.27 driver independent access to low-level PDF fe
atures
\g_pbs_page_int=\count191
\g_pbs_oc_int=\count192
) (C:\Users\Keaton\AppData\Roaming\MiKTeX\2.9\tex/latex/ocgx2\ocgbase.sty
Package: ocgbase 2018/06/07 v0.14 support package for ocgx2.sty
\g_ocgbase_nd_int=\count193
)
\@anim@box=\box48
\@anim@measbox=\box49
\@anim@tmpdima=\dimen150
\@anim@tmpdimb=\dimen151
\@anim@num=\count194
\@anim@curframe=\count195
\@anim@curframe@zb=\count196
\@anim@resizeflags=\count197
\@anim@skipfram=\count198
\@anim@mulframecnt=\count266
\@anim@@tmlnfile=\read3
\@anim@tmpcnt=\count267
\c@@anim@ltxcnt=\count268
\@anim@curlayer=\count269
\@anim@lineno=\count270
\@anim@curfield=\count271
\@anim@@resizeflags=\count272
)
("C:\Program Files (x86)\MiKTeX 2.9\tex/latex/xcolor\xcolor.sty"
Package: xcolor 2016/05/11 v2.12 LaTeX color extensions (UK)

("C:\Program Files (x86)\MiKTeX 2.9\tex/latex/graphics-cfg\color.cfg"
File: color.cfg 2016/01/02 v1.6 sample color configuration
)
Package xcolor Info: Driver file: pdftex.def on input line 225.
Package xcolor Info: Model `cmy' substituted by `cmy0' on input line 1348.
Package xcolor Info: Model `hsb' substituted by `rgb' on input line 1352.
Package xcolor Info: Model `RGB' extended on input line 1364.
Package xcolor Info: Model `HTML' substituted by `rgb' on input line 1366.
Package xcolor Info: Model `Hsb' substituted by `hsb' on input line 1367.
Package xcolor Info: Model `tHsb' substituted by `hsb' on input line 1368.
Package xcolor Info: Model `HSB' substituted by `hsb' on input line 1369.
Package xcolor Info: Model `Gray' substituted by `gray' on input line 1370.
Package xcolor Info: Model `wave' substituted by `hsb' on input line 1371.
)
("C:\Program Files (x86)\MiKTeX 2.9\tex/latex/jknappen\mathrsfs.sty"
Package: mathrsfs 1996/01/01 Math RSFS package v1.0 (jk)
\symrsfs=\mathgroup6
)
("C:\Program Files (x86)\MiKTeX 2.9\tex/latex/bbm\bbm.sty"
Package: bbm 1999/03/15 V 1.2 provides fonts for set symbols - TH
LaTeX Font Info:    Overwriting math alphabet `\mathbbm' in version `bold'
(Font)                  U/bbm/m/n --> U/bbm/bx/n on input line 33.
LaTeX Font Info:    Overwriting math alphabet `\mathbbmss' in version `bold'
(Font)                  U/bbmss/m/n --> U/bbmss/bx/n on input line 35.
)
("C:\Program Files (x86)\MiKTeX 2.9\tex/latex/base\exscale.sty"
Package: exscale 2018/09/24 v2.1i Standard LaTeX package exscale
LaTeX Font Info:    Redeclaring symbol font `largesymbols' on input line 57.
LaTeX Font Info:    Overwriting symbol font `largesymbols' in version `normal'
(Font)                  OMX/cmex/m/n --> OMX/cmex/m/n on input line 57.
LaTeX Font Info:    Overwriting symbol font `largesymbols' in version `bold'
(Font)                  OMX/cmex/m/n --> OMX/cmex/m/n on input line 57.
\big@size=\dimen152
)
("C:\Program Files (x86)\MiKTeX 2.9\tex/latex/tools\enumerate.sty"
Package: enumerate 2015/07/23 v3.00 enumerate extensions (DPC)
\@enLab=\toks30
)
\c@theorem=\count273

(Keaton_DistortionParameterSpace.aux)
\openout1 = `Keaton_DistortionParameterSpace.aux'.

LaTeX Font Info:    Checking defaults for OML/cmm/m/it on input line 66.
LaTeX Font Info:    ... okay on input line 66.
LaTeX Font Info:    Checking defaults for T1/cmr/m/n on input line 66.
LaTeX Font Info:    ... okay on input line 66.
LaTeX Font Info:    Checking defaults for OT1/cmr/m/n on input line 66.
LaTeX Font Info:    ... okay on input line 66.
LaTeX Font Info:    Checking defaults for OMS/cmsy/m/n on input line 66.
LaTeX Font Info:    ... okay on input line 66.
LaTeX Font Info:    Checking defaults for OMX/cmex/m/n on input line 66.
LaTeX Font Info:    ... okay on input line 66.
LaTeX Font Info:    Checking defaults for U/cmr/m/n on input line 66.
LaTeX Font Info:    ... okay on input line 66.
LaTeX Font Info:    External font `cmex7' loaded for size
(Font)              <6> on input line 66.
LaTeX Font Info:    External font `cmex7' loaded for size
(Font)              <5> on input line 66.
LaTeX Font Info:    Try loading font information for U+msa on input line 66.

("C:\Program Files (x86)\MiKTeX 2.9\tex/latex/amsfonts\umsa.fd"
File: umsa.fd 2013/01/14 v3.01 AMS symbols A
)
LaTeX Font Info:    Try loading font information for U+msb on input line 66.

("C:\Program Files (x86)\MiKTeX 2.9\tex/latex/amsfonts\umsb.fd"
File: umsb.fd 2013/01/14 v3.01 AMS symbols B
)
LaTeX Font Info:    Try loading font information for U+rsfs on input line 66.

("C:\Program Files (x86)\MiKTeX 2.9\tex/latex/jknappen\ursfs.fd"
File: ursfs.fd 1998/03/24 rsfs font definition file (jk)
)
("C:\Program Files (x86)\MiKTeX 2.9\tex/context/base/mkii\supp-pdf.mkii"
[Loading MPS to PDF converter (version 2006.09.02).]
\scratchcounter=\count274
\scratchdimen=\dimen153
\scratchbox=\box50
\nofMPsegments=\count275
\nofMParguments=\count276
\everyMPshowfont=\toks31
\MPscratchCnt=\count277
\MPscratchDim=\dimen154
\MPnumerator=\count278
\makeMPintoPDFobject=\count279
\everyMPtoPDFconversion=\toks32
) ("C:\Program Files (x86)\MiKTeX 2.9\tex/latex/oberdiek\epstopdf-base.sty"
Package: epstopdf-base 2016/05/15 v2.6 Base part for package epstopdf

("C:\Program Files (x86)\MiKTeX 2.9\tex/latex/oberdiek\grfext.sty"
Package: grfext 2016/05/16 v1.2 Manage graphics extensions (HO)
)
("C:\Program Files (x86)\MiKTeX 2.9\tex/latex/oberdiek\kvoptions.sty"
Package: kvoptions 2016/05/16 v3.12 Key value format for package options (HO)
)
Package epstopdf-base Info: Redefining graphics rule for `.eps' on input line 4
38.
Package grfext Info: Graphics extension search list:
(grfext)             [.pdf,.png,.jpg,.mps,.jpeg,.jbig2,.jb2,.PDF,.PNG,.JPG,.JPE
G,.JBIG2,.JB2,.eps]
(grfext)             \AppendGraphicsExtensions on input line 456.
)
\AtBeginShipoutBox=\box51
LaTeX Font Info:    External font `cmex7' loaded for size
(Font)              <7> on input line 72.

[1{C:/Users/Keaton/AppData/Local/MiKTeX/2.9/pdftex/config/pdftex.map}]
<SlowTwist.png, id=17, 632.3625pt x 474.27188pt>
File: SlowTwist.png Graphic file (type png)
<use SlowTwist.png>
Package pdftex.def Info: SlowTwist.png  used on input line 122.
(pdftex.def)             Requested size: 221.33018pt x 165.99763pt.
<Slide.png, id=18, 632.3625pt x 474.27188pt>
File: Slide.png Graphic file (type png)
<use Slide.png>
Package pdftex.def Info: Slide.png  used on input line 134.
(pdftex.def)             Requested size: 221.33018pt x 165.99763pt.
<CircleSlide_0.png, id=19, 421.575pt x 316.0608pt>
File: CircleSlide_0.png Graphic file (type png)
<use CircleSlide_0.png>
Package pdftex.def Info: CircleSlide_0.png  used on input line 145.
(pdftex.def)             Requested size: 421.57396pt x 316.06003pt.
 <./CircleSlide_0.png (PNG copy)> <a0,fr0>
<CircleSlide_1.png, id=29, 421.575pt x 316.0608pt>
File: CircleSlide_1.png Graphic file (type png)
<use CircleSlide_1.png>
Package pdftex.def Info: CircleSlide_1.png  used on input line 145.
(pdftex.def)             Requested size: 421.57396pt x 316.06003pt.
 <./CircleSlide_1.png (PNG copy)> <a0,fr1>
<CircleSlide_2.png, id=39, 421.575pt x 316.0608pt>
File: CircleSlide_2.png Graphic file (type png)
<use CircleSlide_2.png>
Package pdftex.def Info: CircleSlide_2.png  used on input line 145.
(pdftex.def)             Requested size: 421.57396pt x 316.06003pt.
 <./CircleSlide_2.png (PNG copy)> <a0,fr2>
<CircleSlide_3.png, id=49, 421.575pt x 316.0608pt>
File: CircleSlide_3.png Graphic file (type png)
<use CircleSlide_3.png>
Package pdftex.def Info: CircleSlide_3.png  used on input line 145.
(pdftex.def)             Requested size: 421.57396pt x 316.06003pt.
 <./CircleSlide_3.png (PNG copy)>
<a0,fr3>
<CircleSlide_4.png, id=59, 421.575pt x 316.0608pt>
File: CircleSlide_4.png Graphic file (type png)
<use CircleSlide_4.png>
Package pdftex.def Info: CircleSlide_4.png  used on input line 145.
(pdftex.def)             Requested size: 421.57396pt x 316.06003pt.
 <./CircleSlide_4.png (PNG copy)> <a0,fr4>
<CircleSlide_5.png, id=69, 421.575pt x 316.0608pt>
File: CircleSlide_5.png Graphic file (type png)
<use CircleSlide_5.png>
Package pdftex.def Info: CircleSlide_5.png  used on input line 145.
(pdftex.def)             Requested size: 421.57396pt x 316.06003pt.
 <./CircleSlide_5.png (PNG copy)> <a0,fr5>
<CircleSlide_6.png, id=79, 421.575pt x 316.0608pt>
File: CircleSlide_6.png Graphic file (type png)
<use CircleSlide_6.png>
Package pdftex.def Info: CircleSlide_6.png  used on input line 145.
(pdftex.def)             Requested size: 421.57396pt x 316.06003pt.
 <./CircleSlide_6.png (PNG copy)> <a0,fr6>
<CircleSlide_7.png, id=89, 421.575pt x 316.0608pt>
File: CircleSlide_7.png Graphic file (type png)
<use CircleSlide_7.png>
Package pdftex.def Info: CircleSlide_7.png  used on input line 145.
(pdftex.def)             Requested size: 421.57396pt x 316.06003pt.
 <./CircleSlide_7.png (PNG copy)> <a0,fr7>
<CircleSlide_8.png, id=99, 421.575pt x 316.0608pt>
File: CircleSlide_8.png Graphic file (type png)
<use CircleSlide_8.png>
Package pdftex.def Info: CircleSlide_8.png  used on input line 145.
(pdftex.def)             Requested size: 421.57396pt x 316.06003pt.
 <./CircleSlide_8.png (PNG copy)> <a0,fr8>
<CircleSlide_9.png, id=109, 421.575pt x 316.0608pt>
File: CircleSlide_9.png Graphic file (type png)
<use CircleSlide_9.png>
Package pdftex.def Info: CircleSlide_9.png  used on input line 145.
(pdftex.def)             Requested size: 421.57396pt x 316.06003pt.
 <./CircleSlide_9.png (PNG copy)> <a0,fr9>
<CircleSlide_10.png, id=119, 421.575pt x 316.0608pt>
File: CircleSlide_10.png Graphic file (type png)
<use CircleSlide_10.png>
Package pdftex.def Info: CircleSlide_10.png  used on input line 145.
(pdftex.def)             Requested size: 421.57396pt x 316.06003pt.
 <./CircleSlide_10.png (PNG copy)> <a0,fr10>
<CircleSlide_11.png, id=129, 421.575pt x 316.0608pt>
File: CircleSlide_11.png Graphic file (type png)
<use CircleSlide_11.png>
Package pdftex.def Info: CircleSlide_11.png  used on input line 145.
(pdftex.def)             Requested size: 421.57396pt x 316.06003pt.
 <./CircleSlide_11.png (PNG copy)> <a0,fr11>
<CircleSlide_12.png, id=139, 421.575pt x 316.0608pt>
File: CircleSlide_12.png Graphic file (type png)
<use CircleSlide_12.png>
Package pdftex.def Info: CircleSlide_12.png  used on input line 145.
(pdftex.def)             Requested size: 421.57396pt x 316.06003pt.
 <./CircleSlide_12.png (PNG copy)> <a0,fr12>
<CircleSlide_13.png, id=149, 421.575pt x 316.0608pt>
File: CircleSlide_13.png Graphic file (type png)
<use CircleSlide_13.png>
Package pdftex.def Info: CircleSlide_13.png  used on input line 145.
(pdftex.def)             Requested size: 421.57396pt x 316.06003pt.
 <./CircleSlide_13.png (PNG copy)> <a0,fr13>
<CircleSlide_14.png, id=159, 421.575pt x 316.0608pt>
File: CircleSlide_14.png Graphic file (type png)
<use CircleSlide_14.png>
Package pdftex.def Info: CircleSlide_14.png  used on input line 145.
(pdftex.def)             Requested size: 421.57396pt x 316.06003pt.
 <./CircleSlide_14.png (PNG copy)>
<a0,fr14>
<CircleSlide_15.png, id=169, 421.575pt x 316.0608pt>
File: CircleSlide_15.png Graphic file (type png)
<use CircleSlide_15.png>
Package pdftex.def Info: CircleSlide_15.png  used on input line 145.
(pdftex.def)             Requested size: 421.57396pt x 316.06003pt.
 <./CircleSlide_15.png (PNG copy)> <a0,fr15> [2 <./SlowTwist.png (PNG copy)> <.
/Slide.png (PNG copy)>]
<Twist_0.png, id=187, 421.575pt x 316.0608pt>
File: Twist_0.png Graphic file (type png)
<use Twist_0.png>
Package pdftex.def Info: Twist_0.png  used on input line 151.
(pdftex.def)             Requested size: 421.57396pt x 316.06003pt.
 <./Twist_0.png (PNG copy)> <a1,fr0>
<Twist_1.png, id=197, 421.575pt x 316.0608pt>
File: Twist_1.png Graphic file (type png)
<use Twist_1.png>
Package pdftex.def Info: Twist_1.png  used on input line 151.
(pdftex.def)             Requested size: 421.57396pt x 316.06003pt.
 <./Twist_1.png (PNG copy)> <a1,fr1>
<Twist_2.png, id=207, 421.575pt x 316.0608pt>
File: Twist_2.png Graphic file (type png)
<use Twist_2.png>
Package pdftex.def Info: Twist_2.png  used on input line 151.
(pdftex.def)             Requested size: 421.57396pt x 316.06003pt.
 <./Twist_2.png (PNG copy)> <a1,fr2>
<Twist_3.png, id=217, 421.575pt x 316.0608pt>
File: Twist_3.png Graphic file (type png)
<use Twist_3.png>
Package pdftex.def Info: Twist_3.png  used on input line 151.
(pdftex.def)             Requested size: 421.57396pt x 316.06003pt.
 <./Twist_3.png (PNG copy)> <a1,fr3>
<Twist_4.png, id=227, 421.575pt x 316.0608pt>
File: Twist_4.png Graphic file (type png)
<use Twist_4.png>
Package pdftex.def Info: Twist_4.png  used on input line 151.
(pdftex.def)             Requested size: 421.57396pt x 316.06003pt.
 <./Twist_4.png (PNG copy)> <a1,fr4>
<Twist_5.png, id=237, 421.575pt x 316.0608pt>
File: Twist_5.png Graphic file (type png)
<use Twist_5.png>
Package pdftex.def Info: Twist_5.png  used on input line 151.
(pdftex.def)             Requested size: 421.57396pt x 316.06003pt.
 <./Twist_5.png (PNG copy)> <a1,fr5>
<Twist_6.png, id=247, 421.575pt x 316.0608pt>
File: Twist_6.png Graphic file (type png)
<use Twist_6.png>
Package pdftex.def Info: Twist_6.png  used on input line 151.
(pdftex.def)             Requested size: 421.57396pt x 316.06003pt.
 <./Twist_6.png (PNG copy)> <a1,fr6>
<Twist_7.png, id=257, 421.575pt x 316.0608pt>
File: Twist_7.png Graphic file (type png)
<use Twist_7.png>
Package pdftex.def Info: Twist_7.png  used on input line 151.
(pdftex.def)             Requested size: 421.57396pt x 316.06003pt.
 <./Twist_7.png (PNG copy)>
<a1,fr7>
<Twist_8.png, id=267, 421.575pt x 316.0608pt>
File: Twist_8.png Graphic file (type png)
<use Twist_8.png>
Package pdftex.def Info: Twist_8.png  used on input line 151.
(pdftex.def)             Requested size: 421.57396pt x 316.06003pt.
 <./Twist_8.png (PNG copy)> <a1,fr8>
<Twist_9.png, id=277, 421.575pt x 316.0608pt>
File: Twist_9.png Graphic file (type png)
<use Twist_9.png>
Package pdftex.def Info: Twist_9.png  used on input line 151.
(pdftex.def)             Requested size: 421.57396pt x 316.06003pt.
 <./Twist_9.png (PNG copy)>
<a1,fr9>
<Twist_10.png, id=287, 421.575pt x 316.0608pt>
File: Twist_10.png Graphic file (type png)
<use Twist_10.png>
Package pdftex.def Info: Twist_10.png  used on input line 151.
(pdftex.def)             Requested size: 421.57396pt x 316.06003pt.
 <./Twist_10.png (PNG copy)> <a1,fr10>
<Twist_11.png, id=297, 421.575pt x 316.0608pt>
File: Twist_11.png Graphic file (type png)
<use Twist_11.png>
Package pdftex.def Info: Twist_11.png  used on input line 151.
(pdftex.def)             Requested size: 421.57396pt x 316.06003pt.
 <./Twist_11.png (PNG copy)>
<a1,fr11>
<Twist_12.png, id=307, 421.575pt x 316.0608pt>
File: Twist_12.png Graphic file (type png)
<use Twist_12.png>
Package pdftex.def Info: Twist_12.png  used on input line 151.
(pdftex.def)             Requested size: 421.57396pt x 316.06003pt.
 <./Twist_12.png (PNG copy)> <a1,fr12>
<Twist_13.png, id=317, 421.575pt x 316.0608pt>
File: Twist_13.png Graphic file (type png)
<use Twist_13.png>
Package pdftex.def Info: Twist_13.png  used on input line 151.
(pdftex.def)             Requested size: 421.57396pt x 316.06003pt.
 <./Twist_13.png (PNG copy)>
<a1,fr13>
<Twist_14.png, id=327, 421.575pt x 316.0608pt>
File: Twist_14.png Graphic file (type png)
<use Twist_14.png>
Package pdftex.def Info: Twist_14.png  used on input line 151.
(pdftex.def)             Requested size: 421.57396pt x 316.06003pt.
 <./Twist_14.png (PNG copy)> <a1,fr14>
<Twist_15.png, id=337, 421.575pt x 316.0608pt>
File: Twist_15.png Graphic file (type png)
<use Twist_15.png>
Package pdftex.def Info: Twist_15.png  used on input line 151.
(pdftex.def)             Requested size: 421.57396pt x 316.06003pt.
 <./Twist_15.png (PNG copy)>
<a1,fr15>
<CircleTwist_0.png, id=351, 1105.88156pt x 695.59875pt>
File: CircleTwist_0.png Graphic file (type png)
<use CircleTwist_0.png>
Package pdftex.def Info: CircleTwist_0.png  used on input line 157.
(pdftex.def)             Requested size: 1105.87888pt x 695.59706pt.
 <./CircleTwist_0.png (PNG copy)> <a2,fr0>
<CircleTwist_1.png, id=361, 421.575pt x 316.0608pt>
File: CircleTwist_1.png Graphic file (type png)
<use CircleTwist_1.png>
Package pdftex.def Info: CircleTwist_1.png  used on input line 157.
(pdftex.def)             Requested size: 421.57396pt x 316.06003pt.
 <./CircleTwist_1.png (PNG copy)> <a2,fr1>
<CircleTwist_2.png, id=371, 421.575pt x 316.0608pt>
File: CircleTwist_2.png Graphic file (type png)
<use CircleTwist_2.png>
Package pdftex.def Info: CircleTwist_2.png  used on input line 157.
(pdftex.def)             Requested size: 421.57396pt x 316.06003pt.
 <./CircleTwist_2.png (PNG copy)> <a2,fr2>
<CircleTwist_3.png, id=381, 421.575pt x 316.0608pt>
File: CircleTwist_3.png Graphic file (type png)
<use CircleTwist_3.png>
Package pdftex.def Info: CircleTwist_3.png  used on input line 157.
(pdftex.def)             Requested size: 421.57396pt x 316.06003pt.
 <./CircleTwist_3.png (PNG copy)> <a2,fr3>
<CircleTwist_4.png, id=391, 421.575pt x 316.0608pt>
File: CircleTwist_4.png Graphic file (type png)
<use CircleTwist_4.png>
Package pdftex.def Info: CircleTwist_4.png  used on input line 157.
(pdftex.def)             Requested size: 421.57396pt x 316.06003pt.
 <./CircleTwist_4.png (PNG copy)> <a2,fr4>
<CircleTwist_5.png, id=401, 421.575pt x 316.0608pt>
File: CircleTwist_5.png Graphic file (type png)
<use CircleTwist_5.png>
Package pdftex.def Info: CircleTwist_5.png  used on input line 157.
(pdftex.def)             Requested size: 421.57396pt x 316.06003pt.
 <./CircleTwist_5.png (PNG copy)> <a2,fr5>
<CircleTwist_6.png, id=411, 421.575pt x 316.0608pt>
File: CircleTwist_6.png Graphic file (type png)
<use CircleTwist_6.png>
Package pdftex.def Info: CircleTwist_6.png  used on input line 157.
(pdftex.def)             Requested size: 421.57396pt x 316.06003pt.
 <./CircleTwist_6.png (PNG copy)> <a2,fr6>
<CircleTwist_7.png, id=421, 421.575pt x 316.0608pt>
File: CircleTwist_7.png Graphic file (type png)
<use CircleTwist_7.png>
Package pdftex.def Info: CircleTwist_7.png  used on input line 157.
(pdftex.def)             Requested size: 421.57396pt x 316.06003pt.
 <./CircleTwist_7.png (PNG copy)> <a2,fr7>
<CircleTwist_8.png, id=431, 421.575pt x 316.0608pt>
File: CircleTwist_8.png Graphic file (type png)
<use CircleTwist_8.png>
Package pdftex.def Info: CircleTwist_8.png  used on input line 157.
(pdftex.def)             Requested size: 421.57396pt x 316.06003pt.
 <./CircleTwist_8.png (PNG copy)> <a2,fr8>
<CircleTwist_9.png, id=441, 421.575pt x 316.0608pt>
File: CircleTwist_9.png Graphic file (type png)
<use CircleTwist_9.png>
Package pdftex.def Info: CircleTwist_9.png  used on input line 157.
(pdftex.def)             Requested size: 421.57396pt x 316.06003pt.
 <./CircleTwist_9.png (PNG copy)> <a2,fr9>
<CircleTwist_10.png, id=451, 421.575pt x 316.0608pt>
File: CircleTwist_10.png Graphic file (type png)
<use CircleTwist_10.png>
Package pdftex.def Info: CircleTwist_10.png  used on input line 157.
(pdftex.def)             Requested size: 421.57396pt x 316.06003pt.
 <./CircleTwist_10.png (PNG copy)> <a2,fr10>
<CircleTwist_11.png, id=461, 421.575pt x 316.0608pt>
File: CircleTwist_11.png Graphic file (type png)
<use CircleTwist_11.png>
Package pdftex.def Info: CircleTwist_11.png  used on input line 157.
(pdftex.def)             Requested size: 421.57396pt x 316.06003pt.
 <./CircleTwist_11.png (PNG copy)> <a2,fr11>
<CircleTwist_12.png, id=471, 421.575pt x 316.0608pt>
File: CircleTwist_12.png Graphic file (type png)
<use CircleTwist_12.png>
Package pdftex.def Info: CircleTwist_12.png  used on input line 157.
(pdftex.def)             Requested size: 421.57396pt x 316.06003pt.
 <./CircleTwist_12.png (PNG copy)>
<a2,fr12>
<CircleTwist_13.png, id=481, 421.575pt x 316.0608pt>
File: CircleTwist_13.png Graphic file (type png)
<use CircleTwist_13.png>
Package pdftex.def Info: CircleTwist_13.png  used on input line 157.
(pdftex.def)             Requested size: 421.57396pt x 316.06003pt.
 <./CircleTwist_13.png (PNG copy)> <a2,fr13>
<CircleTwist_14.png, id=491, 421.575pt x 316.0608pt>
File: CircleTwist_14.png Graphic file (type png)
<use CircleTwist_14.png>
Package pdftex.def Info: CircleTwist_14.png  used on input line 157.
(pdftex.def)             Requested size: 421.57396pt x 316.06003pt.
 <./CircleTwist_14.png (PNG copy)> <a2,fr14>
<CircleTwist_15.png, id=501, 421.575pt x 316.0608pt>
File: CircleTwist_15.png Graphic file (type png)
<use CircleTwist_15.png>
Package pdftex.def Info: CircleTwist_15.png  used on input line 157.
(pdftex.def)             Requested size: 421.57396pt x 316.06003pt.
 <./CircleTwist_15.png (PNG copy)> <a2,fr15> [3]
Overfull \hbox (19.61475pt too wide) in paragraph at lines 170--171
[]\OT1/cmr/m/it/10 Classes of sur-fa-ces $\OMS/cmsy/m/n/10 fC[]g[]$\OT1/cmr/m/i
t/10 , with sur-fa-ces re-pre-sen-ted as tri-an-gu-la-ti-ons $\OT1/cmr/m/n/10 (
\OML/cmm/m/it/10 V; E; T\OT1/cmr/m/n/10 )$\OT1/cmr/m/it/10 ,
 []

[4] (Keaton_DistortionParameterSpace.aux) ) 
Here is how much of TeX's memory you used:
 14248 strings out of 492981
 253593 string characters out of 3133689
 303649 words of memory out of 3000000
 17799 multiletter control sequences out of 15000+200000
 539160 words of font info for 52 fonts, out of 3000000 for 9000
 1290 hyphenation exceptions out of 8191
 48i,9n,65p,591b,347s stack positions out of 5000i,500n,10000p,200000b,50000s
<C:/Program Files (x86)/MiKTeX 2.9/f
onts/type1/public/amsfonts/cm/cmbx10.pfb><C:/Program Files (x86)/MiKTeX 2.9/fon
ts/type1/public/amsfonts/cm/cmcsc10.pfb><C:/Program Files (x86)/MiKTeX 2.9/font
s/type1/public/amsfonts/cm/cmex10.pfb><C:/Program Files (x86)/MiKTeX 2.9/fonts/
type1/public/amsfonts/cm/cmmi10.pfb><C:/Program Files (x86)/MiKTeX 2.9/fonts/ty
pe1/public/amsfonts/cm/cmmi5.pfb><C:/Program Files (x86)/MiKTeX 2.9/fonts/type1
/public/amsfonts/cm/cmmi7.pfb><C:/Program Files (x86)/MiKTeX 2.9/fonts/type1/pu
blic/amsfonts/cm/cmr10.pfb><C:/Program Files (x86)/MiKTeX 2.9/fonts/type1/publi
c/amsfonts/cm/cmr5.pfb><C:/Program Files (x86)/MiKTeX 2.9/fonts/type1/public/am
sfonts/cm/cmr7.pfb><C:/Program Files (x86)/MiKTeX 2.9/fonts/type1/public/amsfon
ts/cm/cmr8.pfb><C:/Program Files (x86)/MiKTeX 2.9/fonts/type1/public/amsfonts/c
m/cmsy10.pfb><C:/Program Files (x86)/MiKTeX 2.9/fonts/type1/public/amsfonts/cm/
cmsy7.pfb><C:/Program Files (x86)/MiKTeX 2.9/fonts/type1/public/amsfonts/cm/cmt
i10.pfb><C:/Program Files (x86)/MiKTeX 2.9/fonts/type1/public/amsfonts/symbols/
msbm10.pfb>
Output written on Keaton_DistortionParameterSpace.pdf (4 pages, 1602756 bytes).

PDF statistics:
 566 PDF objects out of 1000 (max. 8388607)
 0 named destinations out of 1000 (max. 500000)
 1431 words of extra memory for PDF output out of 10000 (max. 10000000)

